[master b21eecf] @mojombo
 2 files changed, 1 insertion(+)
 create mode 100644 mojombo.txt
 create mode 100644 nohup.out
[master b5e18ac] @defunkt
 2 files changed, 5 insertions(+)
 create mode 100644 defunkt.txt
[master 1bc567f] @pjhyett
 2 files changed, 4 insertions(+)
 create mode 100644 pjhyett.txt
[master 03b71e8] @wycats
 2 files changed, 4 insertions(+)
 create mode 100644 wycats.txt
[master 96f06e7] @ezmobius
 2 files changed, 4 insertions(+)
 create mode 100644 ezmobius.txt
usage: git config [<options>]

Config file location
    --global              use global config file
    --system              use system config file
    --local               use repository config file
    -f, --file <file>     use given config file
    --blob <blob-id>      read config from given blob object

Action
    --get                 get value: name [value-regex]
    --get-all             get all values: key [value-regex]
    --get-regexp          get values for regexp: name-regex [value-regex]
    --get-urlmatch        get value specific for the URL: section[.var] URL
    --replace-all         replace all matching variables: name value [value_regex]
    --add                 add a new variable: name value
    --unset               remove a variable: name [value-regex]
    --unset-all           remove all matches: name [value-regex]
    --rename-section      rename section: old-name new-name
    --remove-section      remove a section: name
    -l, --list            list all
    -e, --edit            open an editor
    --get-color           find the color configured: slot [default]
    --get-colorbool       find the color setting: slot [stdout-is-tty]

Type
    --bool                value is "true" or "false"
    --int                 value is decimal number
    --bool-or-int         value is --bool or --int
    --path                value is a path (file or directory name)

Other
    -z, --null            terminate values with NUL byte
    --name-only           show variable names only
    --includes            respect include directives on lookup

[master 7e41bce] @ivey
 2 files changed, 40 insertions(+)
 create mode 100644 ivey.txt
